2023-04-18 15:41:02,522 ~ Serial Logger ~ INFO ~ Program Started
2023-04-18 15:41:07,711 ~ Serial Logger ~ ERROR ~ Got Fatal error - could not open port 'COM5': OSError(22, 'The semaphore timeout period has expired.', None, 121)
2023-04-18 15:41:29,963 ~ Serial Logger ~ INFO ~ Program Started
2023-04-18 15:41:30,115 ~ Serial Logger ~ INFO ~ b'Time_us,Rotation_Number,Rotation_Time_us,Angular_V_rad_s,Angular_A_rad_s2,RPM\r\n'
2023-04-18 15:41:51,808 ~ Serial Logger ~ INFO ~ b'59744834,1,59744834,0.105167008783138,0.001760269495152,1.004270929935130\r\n'
2023-04-18 15:41:52,525 ~ Serial Logger ~ INFO ~ b'60462955,2,718121,8.749480215764677,12.037404848182324,83.551379224392547\r\n'
2023-04-18 15:41:52,778 ~ Serial Logger ~ INFO ~ b'60715042,3,252087,24.924670776458707,64.165111888729015,238.013066917373748\r\n'
2023-04-18 15:41:53,065 ~ Serial Logger ~ INFO ~ b'61000676,4,285634,21.997330436940792,-10.248571036774036,210.059026586470793\r\n'
2023-04-18 15:41:53,135 ~ Serial Logger ~ INFO ~ b'61073104,5,72428,86.750779836874500,894.038899319789379,828.408902634340279\r\n'
2023-04-18 15:41:53,622 ~ Serial Logger ~ INFO ~ b'61559628,6,486524,12.914440977269665,-151.762993931655643,123.323823696261641\r\n'
2023-04-18 15:41:54,150 ~ Serial Logger ~ INFO ~ b'62086616,7,526988,11.922824584288724,-1.881667880446880,113.854584924134897\r\n'
2023-04-18 15:41:54,533 ~ Serial Logger ~ INFO ~ b'62470585,8,383969,16.363783227357277,11.565930174229047,156.262614950686128\r\n'
2023-04-18 15:41:54,622 ~ Serial Logger ~ INFO ~ b'62559587,9,89002,70.596003258636287,609.337093899901333,674.142154108896420\r\n'
2023-04-18 15:41:54,995 ~ Serial Logger ~ INFO ~ b'62931884,10,372297,16.876809327029619,-144.291235039784538,161.161653196238489\r\n'
2023-04-18 15:41:55,080 ~ Serial Logger ~ INFO ~ b'63017076,11,85192,73.753233660732774,667.626353809080114,704.291482768335072\r\n'
2023-04-18 15:41:55,215 ~ Serial Logger ~ INFO ~ b'63153442,12,136366,46.075894886006388,-202.963632978355235,439.992373465526611\r\n'
2023-04-18 15:41:55,565 ~ Serial Logger ~ INFO ~ b'63502106,13,348664,18.020746283026486,-80.464712740575180,172.085446160200092\r\n'
2023-04-18 15:41:55,702 ~ Serial Logger ~ INFO ~ b'63639625,14,137519,45.689580945361342,201.200086259606706,436.303347173845054\r\n'
2023-04-18 15:41:56,045 ~ Serial Logger ~ INFO ~ b'63982015,15,342390,18.350960840051246,-79.846432738427211,175.238762814334506\r\n'
2023-04-18 15:41:56,438 ~ Serial Logger ~ INFO ~ b'64375516,16,393501,15.967393938071685,-6.057333785630943,152.477376169310872\r\n'
2023-04-18 15:41:56,525 ~ Serial Logger ~ INFO ~ b'64462541,17,87025,72.199775719909752,646.163536705981755,689.457052571100234\r\n'
2023-04-18 15:41:56,644 ~ Serial Logger ~ INFO ~ b'64581456,18,118915,52.837619156751848,-162.823500510094618,504.562082159525687\r\n'
2023-04-18 15:42:00,669 ~ Serial Logger ~ INFO ~ Exiting
2023-04-18 15:42:27,895 ~ Serial Logger ~ INFO ~ Program Started
2023-04-18 15:42:31,335 ~ Serial Logger ~ INFO ~ b'99272521,19,34691065,0.181118264372257,-1.517869252280943,1.729551975414995\r\n'
2023-04-18 15:42:31,564 ~ Serial Logger ~ INFO ~ b'99501855,20,229334,27.397531469494911,118.675875383164537,261.627146432713857\r\n'
2023-04-18 15:42:32,098 ~ Serial Logger ~ INFO ~ b'100036398,21,534543,11.754312528693008,-29.264659607930333,112.245413371796090\r\n'
2023-04-18 15:42:32,496 ~ Serial Logger ~ INFO ~ b'100434635,22,398237,15.777503049754660,10.102503085001274,150.664051808345277\r\n'
2023-04-18 15:42:32,962 ~ Serial Logger ~ INFO ~ b'100899823,23,465188,13.506766043030230,-4.881331863084236,128.980111266842669\r\n'
2023-04-18 15:42:33,345 ~ Serial Logger ~ INFO ~ b'101283186,24,383363,16.389650232351964,7.519985468920407,156.509626646285624\r\n'
2023-04-18 15:42:33,817 ~ Serial Logger ~ INFO ~ b'101755750,25,472564,13.295946119520628,-6.546635191913342,126.966929347136058\r\n'
2023-04-18 15:42:34,246 ~ Serial Logger ~ INFO ~ b'102184728,26,428978,14.646871126316842,3.149170835791610,139.867312542834355\r\n'
2023-04-18 15:42:34,707 ~ Serial Logger ~ INFO ~ b'102645489,27,460761,13.636539294829958,-2.192745982161866,130.219354502659740\r\n'
2023-04-18 15:42:35,200 ~ Serial Logger ~ INFO ~ b'103138033,28,492544,12.756597343638633,-1.786524556570226,121.816528066528064\r\n'
2023-04-18 15:42:35,634 ~ Serial Logger ~ INFO ~ b'103573614,29,435581,14.424838278127710,3.829921264906131,137.747055082751558\r\n'
2023-04-18 15:42:36,084 ~ Serial Logger ~ INFO ~ b'104022169,30,448555,14.007614410774925,-0.930150967780507,133.762860741715059\r\n'
2023-04-18 15:42:36,513 ~ Serial Logger ~ INFO ~ b'104451488,31,429319,14.635237392300705,1.461903576421683,139.756218569408758\r\n'
2023-04-18 15:42:36,952 ~ Serial Logger ~ INFO ~ b'104890189,32,438701,14.322250193241288,-0.713440815178031,136.767411061292307\r\n'
2023-04-18 15:42:40,991 ~ Serial Logger ~ INFO ~ Exiting
2023-04-18 15:43:15,637 ~ Serial Logger ~ INFO ~ Program Started
2023-04-18 15:43:15,679 ~ Serial Logger ~ INFO ~ b'Time_us,Rotation_Number,Rotation_Time_us,Angular_V_rad_s,Angular_A_rad_s2,RPM\r\n'
2023-04-18 15:43:34,829 ~ Serial Logger ~ INFO ~ Exiting
2023-04-18 15:43:37,502 ~ Serial Logger ~ INFO ~ Program Started
2023-04-18 15:43:40,521 ~ Serial Logger ~ INFO ~ Exiting
